<?xml version="1.0" encoding="UTF-8"?>
<!-- Generated by org.testng.reporters.JUnitReportReporter -->
<testsuite hostname="LAPTOP-MVVD1D1F" failures="0" tests="2" name="com.task.Test.ForgetPasswordTest" time="0.000" errors="0" timestamp="2023-12-22T12:22:38 IST" skipped="2">
  <testcase classname="com.task.Test.ForgetPasswordTest" name="getResetLinkForPassword" time="0.000">
    <skipped/>
  </testcase> <!-- getResetLinkForPassword -->
  <system-out/>
  <testcase classname="com.task.Test.ForgetPasswordTest" name="getPopupMsgAfterClickResetLink" time="0.000">
    <skipped/>
  </testcase> <!-- getPopupMsgAfterClickResetLink -->
  <system-out/>
</testsuite> <!-- com.task.Test.ForgetPasswordTest -->
